============================= test session starts ==============================
platform linux -- Python 3.14.2, pytest-7.4.3, pluggy-1.6.0 -- /home/y/Dokumente/vsCode/Benning-DGUV3/Software/PRG/venv/bin/python3.14
cachedir: .pytest_cache
metadata: {'Python': '3.14.2', 'Platform': 'Linux-6.18.6-2-cachyos-x86_64-with-glibc2.42', 'Packages': {'pytest': '7.4.3', 'pluggy': '1.6.0'}, 'Plugins': {'metadata': '3.1.1', 'mock': '3.12.0', 'html': '4.1.1', 'cov': '4.1.0'}}
rootdir: /home/y/Dokumente/vsCode/Benning-DGUV3/Software/PRG
configfile: pytest.ini
plugins: metadata-3.1.1, mock-3.12.0, html-4.1.1, cov-4.1.0
collecting ... collected 19 items

tests/test_device_domain.py::TestDeviceCreation::test_device_creation_with_all_fields FAILED [  5%]
tests/test_device_domain.py::TestDeviceCreation::test_device_creation_with_minimal_fields FAILED [ 10%]
tests/test_device_domain.py::TestDeviceCreation::test_device_default_values FAILED [ 15%]
tests/test_device_domain.py::TestDeviceCreation::test_device_timestamps_set_automatically FAILED [ 21%]
tests/test_device_domain.py::TestDeviceUpdate::test_device_update_single_field FAILED [ 26%]
tests/test_device_domain.py::TestDeviceUpdate::test_device_update_multiple_fields FAILED [ 31%]
tests/test_device_domain.py::TestDeviceUpdate::test_device_update_nonexistent_field FAILED [ 36%]
tests/test_device_domain.py::TestDeviceUpdate::test_device_update_timestamp_changes FAILED [ 42%]
tests/test_device_domain.py::TestDeviceRepresentation::test_device_repr FAILED [ 47%]
tests/test_device_domain.py::TestDeviceRepresentation::test_device_repr_with_none_id FAILED [ 52%]
tests/test_device_domain.py::TestDeviceValidation::test_device_with_empty_name PASSED [ 57%]
tests/test_device_domain.py::TestDeviceValidation::test_device_with_special_characters PASSED [ 63%]
tests/test_device_domain.py::TestDeviceValidation::test_device_with_long_description FAILED [ 68%]
tests/test_device_domain.py::TestDeviceEquality::test_two_devices_with_same_data PASSED [ 73%]
tests/test_device_domain.py::TestDeviceEquality::test_two_devices_with_different_data PASSED [ 78%]
tests/test_device_domain.py::TestDeviceEdgeCases::test_device_with_none_values PASSED [ 84%]
tests/test_device_domain.py::TestDeviceEdgeCases::test_device_update_with_none FAILED [ 89%]
tests/test_device_domain.py::TestDeviceEdgeCases::test_device_timestamps_independent FAILED [ 94%]
tests/test_device_domain.py::TestDeviceEdgeCases::test_device_with_numeric_strings FAILED [100%]

=================================== FAILURES ===================================
___________ TestDeviceCreation.test_device_creation_with_all_fields ____________
tests/test_device_domain.py:12: in test_device_creation_with_all_fields
    device = Device(
E   TypeError: Device.__init__() got an unexpected keyword argument 'device_type'
_________ TestDeviceCreation.test_device_creation_with_minimal_fields __________
tests/test_device_domain.py:32: in test_device_creation_with_minimal_fields
    device = Device(name="Minimal Device")
E   TypeError: Device.__init__() missing 1 required positional argument: 'id'
________________ TestDeviceCreation.test_device_default_values _________________
tests/test_device_domain.py:41: in test_device_default_values
    device = Device()
E   TypeError: Device.__init__() missing 2 required positional arguments: 'id' and 'name'
_________ TestDeviceCreation.test_device_timestamps_set_automatically __________
tests/test_device_domain.py:54: in test_device_timestamps_set_automatically
    device = Device(name="Test")
E   TypeError: Device.__init__() missing 1 required positional argument: 'id'
_______________ TestDeviceUpdate.test_device_update_single_field _______________
tests/test_device_domain.py:71: in test_device_update_single_field
    device.update(name="New Name")
E   AttributeError: 'Device' object has no attribute 'update'
_____________ TestDeviceUpdate.test_device_update_multiple_fields ______________
tests/test_device_domain.py:78: in test_device_update_multiple_fields
    device = Device(id=1, name="Old", device_type="Old Type")
E   TypeError: Device.__init__() got an unexpected keyword argument 'device_type'
____________ TestDeviceUpdate.test_device_update_nonexistent_field _____________
tests/test_device_domain.py:91: in test_device_update_nonexistent_field
    device.update(nonexistent_field="value")
E   AttributeError: 'Device' object has no attribute 'update'
____________ TestDeviceUpdate.test_device_update_timestamp_changes _____________
tests/test_device_domain.py:101: in test_device_update_timestamp_changes
    device.update(name="Updated")
E   AttributeError: 'Device' object has no attribute 'update'
__________________ TestDeviceRepresentation.test_device_repr ___________________
tests/test_device_domain.py:118: in test_device_repr
    assert "name=Test Device" in repr_str
E   assert 'name=Test Device' in "Device(id=1, name='Test Device', type=None, location=None, manufacturer=None, serial_number='SN123', purchase_date=None, last_inspection=None, next_inspection=None, status='active', notes=None, created_at=None, updated_at=None)"
____________ TestDeviceRepresentation.test_device_repr_with_none_id ____________
tests/test_device_domain.py:123: in test_device_repr_with_none_id
    device = Device(name="Test Device")
E   TypeError: Device.__init__() missing 1 required positional argument: 'id'
____________ TestDeviceValidation.test_device_with_long_description ____________
tests/test_device_domain.py:155: in test_device_with_long_description
    device = Device(id=1, name="Test", description=long_description)
E   TypeError: Device.__init__() got an unexpected keyword argument 'description'
_______________ TestDeviceEdgeCases.test_device_update_with_none _______________
tests/test_device_domain.py:202: in test_device_update_with_none
    device.update(serial_number=None)
E   AttributeError: 'Device' object has no attribute 'update'
____________ TestDeviceEdgeCases.test_device_timestamps_independent ____________
tests/test_device_domain.py:211: in test_device_timestamps_independent
    device.update(name="Updated")
E   AttributeError: 'Device' object has no attribute 'update'
_____________ TestDeviceEdgeCases.test_device_with_numeric_strings _____________
tests/test_device_domain.py:218: in test_device_with_numeric_strings
    device = Device(
E   TypeError: Device.__init__() got an unexpected keyword argument 'model'
=========================== short test summary info ============================
FAILED tests/test_device_domain.py::TestDeviceCreation::test_device_creation_with_all_fields
FAILED tests/test_device_domain.py::TestDeviceCreation::test_device_creation_with_minimal_fields
FAILED tests/test_device_domain.py::TestDeviceCreation::test_device_default_values
FAILED tests/test_device_domain.py::TestDeviceCreation::test_device_timestamps_set_automatically
FAILED tests/test_device_domain.py::TestDeviceUpdate::test_device_update_single_field
FAILED tests/test_device_domain.py::TestDeviceUpdate::test_device_update_multiple_fields
FAILED tests/test_device_domain.py::TestDeviceUpdate::test_device_update_nonexistent_field
FAILED tests/test_device_domain.py::TestDeviceUpdate::test_device_update_timestamp_changes
FAILED tests/test_device_domain.py::TestDeviceRepresentation::test_device_repr
FAILED tests/test_device_domain.py::TestDeviceRepresentation::test_device_repr_with_none_id
FAILED tests/test_device_domain.py::TestDeviceValidation::test_device_with_long_description
FAILED tests/test_device_domain.py::TestDeviceEdgeCases::test_device_update_with_none
FAILED tests/test_device_domain.py::TestDeviceEdgeCases::test_device_timestamps_independent
FAILED tests/test_device_domain.py::TestDeviceEdgeCases::test_device_with_numeric_strings
========================= 14 failed, 5 passed in 0.06s =========================
